<?xml version="1.0" encoding="UTF-8"?>
<testsuite name="com.kodcha.num.english.NumberToEnglishEngineTest" tests="1" skipped="0" failures="0" errors="0" timestamp="2022-06-03T07:54:10" hostname="Suras-Mac-mini.local" time="0.021">
  <properties/>
  <testcase name="tenThousands()" classname="com.kodcha.num.english.NumberToEnglishEngineTest" time="0.021"/>
  <system-out><![CDATA[]]></system-out>
  <system-err><![CDATA[]]></system-err>
</testsuite>
