<?xml version="1.0" encoding="UTF-8"?>
<testsuite name="com.kodcha.num.german.NumberToGermanEngineTest" tests="1" skipped="0" failures="0" errors="0" timestamp="2022-06-05T02:21:04" hostname="Suras-Mac-mini.local" time="0.016">
  <properties/>
  <testcase name="oneHundredToNineHundred()" classname="com.kodcha.num.german.NumberToGermanEngineTest" time="0.016"/>
  <system-out><![CDATA[]]></system-out>
  <system-err><![CDATA[]]></system-err>
</testsuite>
