<?xml version="1.0" encoding="UTF-8"?>
<testsuite name="com.kodcha.num.english.NumberToGermanEngineTest" tests="18" skipped="0" failures="0" errors="0" timestamp="2022-06-03T10:40:54" hostname="Suras-Mac-mini.local" time="0.031">
  <properties/>
  <testcase name="tenToNineteen()" classname="com.kodcha.num.english.NumberToGermanEngineTest" time="0.01"/>
  <testcase name="ninetyToNinetyNine()" classname="com.kodcha.num.english.NumberToGermanEngineTest" time="0.004"/>
  <testcase name="millions()" classname="com.kodcha.num.english.NumberToGermanEngineTest" time="0.006"/>
  <testcase name="zeroToNine()" classname="com.kodcha.num.english.NumberToGermanEngineTest" time="0.001"/>
  <testcase name="oneHundredToNineHundred()" classname="com.kodcha.num.english.NumberToGermanEngineTest" time="0.001"/>
  <testcase name="tenThousands()" classname="com.kodcha.num.english.NumberToGermanEngineTest" time="0.001"/>
  <testcase name="eightyToEightyNine()" classname="com.kodcha.num.english.NumberToGermanEngineTest" time="0.0"/>
  <testcase name="sixtyToSixtyNine()" classname="com.kodcha.num.english.NumberToGermanEngineTest" time="0.001"/>
  <testcase name="fortyToFortyNine()" classname="com.kodcha.num.english.NumberToGermanEngineTest" time="0.0"/>
  <testcase name="trillions()" classname="com.kodcha.num.english.NumberToGermanEngineTest" time="0.001"/>
  <testcase name="thirtyToThirtyNine()" classname="com.kodcha.num.english.NumberToGermanEngineTest" time="0.0"/>
  <testcase name="twentyToTwentyNine()" classname="com.kodcha.num.english.NumberToGermanEngineTest" time="0.001"/>
  <testcase name="hundredThousands()" classname="com.kodcha.num.english.NumberToGermanEngineTest" time="0.0"/>
  <testcase name="thousands()" classname="com.kodcha.num.english.NumberToGermanEngineTest" time="0.001"/>
  <testcase name="seventyToSeventyNine()" classname="com.kodcha.num.english.NumberToGermanEngineTest" time="0.0"/>
  <testcase name="billions()" classname="com.kodcha.num.english.NumberToGermanEngineTest" time="0.001"/>
  <testcase name="fiftyToFiftyNine()" classname="com.kodcha.num.english.NumberToGermanEngineTest" time="0.0"/>
  <testcase name="zeroToNineWithLeadingZero()" classname="com.kodcha.num.english.NumberToGermanEngineTest" time="0.0"/>
  <system-out><![CDATA[]]></system-out>
  <system-err><![CDATA[]]></system-err>
</testsuite>
