<?xml version="1.0" encoding="UTF-8"?>
<testsuite name="com.kodcha.num.german.NumberToGermanEngineTest" tests="1" skipped="0" failures="0" errors="0" timestamp="2022-06-03T10:47:58" hostname="Suras-Mac-mini.local" time="0.012">
  <properties/>
  <testcase name="zeroToNine()" classname="com.kodcha.num.german.NumberToGermanEngineTest" time="0.012"/>
  <system-out><![CDATA[]]></system-out>
  <system-err><![CDATA[]]></system-err>
</testsuite>
